INFO:     Started server process [93361]
INFO:     Waiting for application startup.
2026-03-19 01:20:34,067 INFO sqlalchemy.engine.Engine select pg_catalog.version()
2026-03-19 01:20:34,067 INFO sqlalchemy.engine.Engine [raw sql] ()
2026-03-19 01:20:34,069 INFO sqlalchemy.engine.Engine select current_schema()
2026-03-19 01:20:34,069 INFO sqlalchemy.engine.Engine [raw sql] ()
2026-03-19 01:20:34,069 INFO sqlalchemy.engine.Engine show standard_conforming_strings
2026-03-19 01:20:34,070 INFO sqlalchemy.engine.Engine [raw sql] ()
2026-03-19 01:20:34,070 INFO sqlalchemy.engine.Engine BEGIN (implicit)
2026-03-19 01:20:34,073 INFO sqlalchemy.engine.Engine SELECT pg_catalog.pg_class.relname 
FROM pg_catalog.pg_class JOIN pg_catalog.pg_namespace ON pg_catalog.pg_namespace.oid = pg_catalog.pg_class.relnamespace 
WHERE pg_catalog.pg_class.relname = $1::VARCHAR AND pg_catalog.pg_class.relkind = ANY (ARRAY[$2::VARCHAR, $3::VARCHAR, $4::VARCHAR, $5::VARCHAR, $6::VARCHAR]) AND pg_catalog.pg_table_is_visible(pg_catalog.pg_class.oid) AND pg_catalog.pg_namespace.nspname != $7::VARCHAR
2026-03-19 01:20:34,073 INFO sqlalchemy.engine.Engine [generated in 0.00015s] ('news', 'r', 'p', 'f', 'v', 'm', 'pg_catalog')
2026-03-19 01:20:34,077 INFO sqlalchemy.engine.Engine SELECT pg_catalog.pg_class.relname 
FROM pg_catalog.pg_class JOIN pg_catalog.pg_namespace ON pg_catalog.pg_namespace.oid = pg_catalog.pg_class.relnamespace 
WHERE pg_catalog.pg_class.relname = $1::VARCHAR AND pg_catalog.pg_class.relkind = ANY (ARRAY[$2::VARCHAR, $3::VARCHAR, $4::VARCHAR, $5::VARCHAR, $6::VARCHAR]) AND pg_catalog.pg_table_is_visible(pg_catalog.pg_class.oid) AND pg_catalog.pg_namespace.nspname != $7::VARCHAR
2026-03-19 01:20:34,077 INFO sqlalchemy.engine.Engine [cached since 0.004147s ago] ('stocks', 'r', 'p', 'f', 'v', 'm', 'pg_catalog')
2026-03-19 01:20:34,078 INFO sqlalchemy.engine.Engine SELECT pg_catalog.pg_class.relname 
FROM pg_catalog.pg_class JOIN pg_catalog.pg_namespace ON pg_catalog.pg_namespace.oid = pg_catalog.pg_class.relnamespace 
WHERE pg_catalog.pg_class.relname = $1::VARCHAR AND pg_catalog.pg_class.relkind = ANY (ARRAY[$2::VARCHAR, $3::VARCHAR, $4::VARCHAR, $5::VARCHAR, $6::VARCHAR]) AND pg_catalog.pg_table_is_visible(pg_catalog.pg_class.oid) AND pg_catalog.pg_namespace.nspname != $7::VARCHAR
2026-03-19 01:20:34,078 INFO sqlalchemy.engine.Engine [cached since 0.004803s ago] ('trending_keywords', 'r', 'p', 'f', 'v', 'm', 'pg_catalog')
2026-03-19 01:20:34,078 INFO sqlalchemy.engine.Engine COMMIT
>>> 크롤링 시작...
>>> 크롤링 완료: 1개
2026-03-19 01:20:36,246 INFO sqlalchemy.engine.Engine BEGIN (implicit)
2026-03-19 01:20:36,252 INFO sqlalchemy.engine.Engine SELECT news.id, news.title, news.content 
FROM news 
WHERE news.crawled_at >= $1::TIMESTAMP WITHOUT TIME ZONE AND news.is_duplicate = false
2026-03-19 01:20:36,252 INFO sqlalchemy.engine.Engine [generated in 0.00025s] (datetime.datetime(2026, 3, 17, 16, 20, 36, 243233),)
>>> AI 스킵: analyze() got an unexpected keyword argument 'source'
2026-03-19 01:20:36,268 INFO sqlalchemy.engine.Engine INSERT INTO news (title, content, url, source, published_at, crawled_at, is_duplicate, original_news_id, similarity_score, importance_score, sentiment, sentiment_score, sector, thumbnail, summary, beneficiary_stocks, affected_stocks, is_analyzed) VALUES ($1::VARCHAR, $2::VARCHAR, $3::VARCHAR, $4::VARCHAR, $5::TIMESTAMP WITHOUT TIME ZONE, $6::TIMESTAMP WITHOUT TIME ZONE, $7::BOOLEAN, $8::INTEGER, $9::FLOAT, $10::FLOAT, $11::VARCHAR, $12::FLOAT, $13::VARCHAR, $14::VARCHAR, $15::VARCHAR, $16::JSON, $17::JSON, $18::BOOLEAN) RETURNING news.id
2026-03-19 01:20:36,268 INFO sqlalchemy.engine.Engine [generated in 0.00049s] ('', '', 'https://finance.naver.com/news/news_read.naver?article_id=0001837958&office_id=005&mode=mainnews&type=&date=2026-03-19&page=1', '네이버증권', datetime.datetime(2026, 3, 19, 1, 20, 36, 242721), datetime.datetime(2026, 3, 18, 16, 20, 36, 268558), False, None, None, 50.0, 'neutral', None, None, None, None, '[]', '[]', False)
2026-03-19 01:20:36,272 INFO sqlalchemy.engine.Engine ROLLBACK
>>> 크롤링 오류: (sqlalchemy.dialects.postgresql.asyncpg.IntegrityError) <class 'asyncpg.exceptions.UniqueViolationError'>: duplicate key value violates unique constraint "news_url_key"
DETAIL:  Key (url)=(https://finance.naver.com/news/news_read.naver?article_id=0001837958&office_id=005&mode=mainnews&type=&date=2026-03-19&page=1) already exists.
[SQL: INSERT INTO news (title, content, url, source, published_at, crawled_at, is_duplicate, original_news_id, similarity_score, importance_score, sentiment, sentiment_score, sector, thumbnail, summary, beneficiary_stocks, affected_stocks, is_analyzed) VALUES ($1::VARCHAR, $2::VARCHAR, $3::VARCHAR, $4::VARCHAR, $5::TIMESTAMP WITHOUT TIME ZONE, $6::TIMESTAMP WITHOUT TIME ZONE, $7::BOOLEAN, $8::INTEGER, $9::FLOAT, $10::FLOAT, $11::VARCHAR, $12::FLOAT, $13::VARCHAR, $14::VARCHAR, $15::VARCHAR, $16::JSON, $17::JSON, $18::BOOLEAN) RETURNING news.id]
[parameters: ('', '', 'https://finance.naver.com/news/news_read.naver?article_id=0001837958&office_id=005&mode=mainnews&type=&date=2026-03-19&page=1', '네이버증권', datetime.datetime(2026, 3, 19, 1, 20, 36, 242721), datetime.datetime(2026, 3, 18, 16, 20, 36, 268558), False, None, None, 50.0, 'neutral', None, None, None, None, '[]', '[]', False)]
(Background on this error at: https://sqlalche.me/e/20/gkpj)
Traceback (most recent call last):
  File "/Users/myeongsujin/uigen/Outputs/stock-news/backend/.venv/lib/python3.9/site-packages/sqlalchemy/dialects/postgresql/asyncpg.py", line 550, in _prepare_and_execute
    self._rows = deque(await prepared_stmt.fetch(*parameters))
  File "/Users/myeongsujin/uigen/Outputs/stock-news/backend/.venv/lib/python3.9/site-packages/asyncpg/prepared_stmt.py", line 177, in fetch
    data = await self.__bind_execute(args, 0, timeout)
  File "/Users/myeongsujin/uigen/Outputs/stock-news/backend/.venv/lib/python3.9/site-packages/asyncpg/prepared_stmt.py", line 268, in __bind_execute
    data, status, _ = await self.__do_execute(
  File "/Users/myeongsujin/uigen/Outputs/stock-news/backend/.venv/lib/python3.9/site-packages/asyncpg/prepared_stmt.py", line 257, in __do_execute
    return await executor(protocol)
  File "asyncpg/protocol/protocol.pyx", line 205, in bind_execute
asyncpg.exceptions.UniqueViolationError: duplicate key value violates unique constraint "news_url_key"
DETAIL:  Key (url)=(https://finance.naver.com/news/news_read.naver?article_id=0001837958&office_id=005&mode=mainnews&type=&date=2026-03-19&page=1) already exists.

The above exception was the direct cause of the following exception:

Traceback (most recent call last):
  File "/Users/myeongsujin/uigen/Outputs/stock-news/backend/.venv/lib/python3.9/site-packages/sqlalchemy/engine/base.py", line 1967, in _exec_single_context
    self.dialect.do_execute(
  File "/Users/myeongsujin/uigen/Outputs/stock-news/backend/.venv/lib/python3.9/site-packages/sqlalchemy/engine/default.py", line 952, in do_execute
    cursor.execute(statement, parameters)
  File "/Users/myeongsujin/uigen/Outputs/stock-news/backend/.venv/lib/python3.9/site-packages/sqlalchemy/dialects/postgresql/asyncpg.py", line 585, in execute
    self._adapt_connection.await_(
  File "/Users/myeongsujin/uigen/Outputs/stock-news/backend/.venv/lib/python3.9/site-packages/sqlalchemy/util/_concurrency_py3k.py", line 132, in await_only
    return current.parent.switch(awaitable)  # type: ignore[no-any-return,attr-defined] # noqa: E501
  File "/Users/myeongsujin/uigen/Outputs/stock-news/backend/.venv/lib/python3.9/site-packages/sqlalchemy/util/_concurrency_py3k.py", line 196, in greenlet_spawn
    value = await result
  File "/Users/myeongsujin/uigen/Outputs/stock-news/backend/.venv/lib/python3.9/site-packages/sqlalchemy/dialects/postgresql/asyncpg.py", line 563, in _prepare_and_execute
    self._handle_exception(error)
  File "/Users/myeongsujin/uigen/Outputs/stock-news/backend/.venv/lib/python3.9/site-packages/sqlalchemy/dialects/postgresql/asyncpg.py", line 513, in _handle_exception
    self._adapt_connection._handle_exception(error)
  File "/Users/myeongsujin/uigen/Outputs/stock-news/backend/.venv/lib/python3.9/site-packages/sqlalchemy/dialects/postgresql/asyncpg.py", line 797, in _handle_exception
    raise translated_error from error
sqlalchemy.dialects.postgresql.asyncpg.AsyncAdapt_asyncpg_dbapi.IntegrityError: <class 'asyncpg.exceptions.UniqueViolationError'>: duplicate key value violates unique constraint "news_url_key"
DETAIL:  Key (url)=(https://finance.naver.com/news/news_read.naver?article_id=0001837958&office_id=005&mode=mainnews&type=&date=2026-03-19&page=1) already exists.

The above exception was the direct cause of the following exception:

Traceback (most recent call last):
  File "/Users/myeongsujin/uigen/Outputs/stock-news/backend/app/main.py", line 109, in run_crawl
    await db.commit()
  File "/Users/myeongsujin/uigen/Outputs/stock-news/backend/.venv/lib/python3.9/site-packages/sqlalchemy/ext/asyncio/session.py", line 1000, in commit
    await greenlet_spawn(self.sync_session.commit)
  File "/Users/myeongsujin/uigen/Outputs/stock-news/backend/.venv/lib/python3.9/site-packages/sqlalchemy/util/_concurrency_py3k.py", line 203, in greenlet_spawn
    result = context.switch(value)
  File "/Users/myeongsujin/uigen/Outputs/stock-news/backend/.venv/lib/python3.9/site-packages/sqlalchemy/orm/session.py", line 2030, in commit
    trans.commit(_to_root=True)
  File "<string>", line 2, in commit
  File "/Users/myeongsujin/uigen/Outputs/stock-news/backend/.venv/lib/python3.9/site-packages/sqlalchemy/orm/state_changes.py", line 137, in _go
    ret_value = fn(self, *arg, **kw)
  File "/Users/myeongsujin/uigen/Outputs/stock-news/backend/.venv/lib/python3.9/site-packages/sqlalchemy/orm/session.py", line 1311, in commit
    self._prepare_impl()
  File "<string>", line 2, in _prepare_impl
  File "/Users/myeongsujin/uigen/Outputs/stock-news/backend/.venv/lib/python3.9/site-packages/sqlalchemy/orm/state_changes.py", line 137, in _go
    ret_value = fn(self, *arg, **kw)
  File "/Users/myeongsujin/uigen/Outputs/stock-news/backend/.venv/lib/python3.9/site-packages/sqlalchemy/orm/session.py", line 1286, in _prepare_impl
    self.session.flush()
  File "/Users/myeongsujin/uigen/Outputs/stock-news/backend/.venv/lib/python3.9/site-packages/sqlalchemy/orm/session.py", line 4331, in flush
    self._flush(objects)
  File "/Users/myeongsujin/uigen/Outputs/stock-news/backend/.venv/lib/python3.9/site-packages/sqlalchemy/orm/session.py", line 4467, in _flush
    transaction.rollback(_capture_exception=True)
  File "/Users/myeongsujin/uigen/Outputs/stock-news/backend/.venv/lib/python3.9/site-packages/sqlalchemy/util/langhelpers.py", line 121, in __exit__
    raise exc_value.with_traceback(exc_tb)
  File "/Users/myeongsujin/uigen/Outputs/stock-news/backend/.venv/lib/python3.9/site-packages/sqlalchemy/orm/session.py", line 4427, in _flush
    flush_context.execute()
  File "/Users/myeongsujin/uigen/Outputs/stock-news/backend/.venv/lib/python3.9/site-packages/sqlalchemy/orm/unitofwork.py", line 466, in execute
    rec.execute(self)
  File "/Users/myeongsujin/uigen/Outputs/stock-news/backend/.venv/lib/python3.9/site-packages/sqlalchemy/orm/unitofwork.py", line 642, in execute
    util.preloaded.orm_persistence.save_obj(
  File "/Users/myeongsujin/uigen/Outputs/stock-news/backend/.venv/lib/python3.9/site-packages/sqlalchemy/orm/persistence.py", line 93, in save_obj
    _emit_insert_statements(
  File "/Users/myeongsujin/uigen/Outputs/stock-news/backend/.venv/lib/python3.9/site-packages/sqlalchemy/orm/persistence.py", line 1233, in _emit_insert_statements
    result = connection.execute(
  File "/Users/myeongsujin/uigen/Outputs/stock-news/backend/.venv/lib/python3.9/site-packages/sqlalchemy/engine/base.py", line 1419, in execute
    return meth(
  File "/Users/myeongsujin/uigen/Outputs/stock-news/backend/.venv/lib/python3.9/site-packages/sqlalchemy/sql/elements.py", line 527, in _execute_on_connection
    return connection._execute_clauseelement(
  File "/Users/myeongsujin/uigen/Outputs/stock-news/backend/.venv/lib/python3.9/site-packages/sqlalchemy/engine/base.py", line 1641, in _execute_clauseelement
    ret = self._execute_context(
  File "/Users/myeongsujin/uigen/Outputs/stock-news/backend/.venv/lib/python3.9/site-packages/sqlalchemy/engine/base.py", line 1846, in _execute_context
    return self._exec_single_context(
  File "/Users/myeongsujin/uigen/Outputs/stock-news/backend/.venv/lib/python3.9/site-packages/sqlalchemy/engine/base.py", line 1986, in _exec_single_context
    self._handle_dbapi_exception(
  File "/Users/myeongsujin/uigen/Outputs/stock-news/backend/.venv/lib/python3.9/site-packages/sqlalchemy/engine/base.py", line 2363, in _handle_dbapi_exception
    raise sqlalchemy_exception.with_traceback(exc_info[2]) from e
  File "/Users/myeongsujin/uigen/Outputs/stock-news/backend/.venv/lib/python3.9/site-packages/sqlalchemy/engine/base.py", line 1967, in _exec_single_context
    self.dialect.do_execute(
  File "/Users/myeongsujin/uigen/Outputs/stock-news/backend/.venv/lib/python3.9/site-packages/sqlalchemy/engine/default.py", line 952, in do_execute
    cursor.execute(statement, parameters)
  File "/Users/myeongsujin/uigen/Outputs/stock-news/backend/.venv/lib/python3.9/site-packages/sqlalchemy/dialects/postgresql/asyncpg.py", line 585, in execute
    self._adapt_connection.await_(
  File "/Users/myeongsujin/uigen/Outputs/stock-news/backend/.venv/lib/python3.9/site-packages/sqlalchemy/util/_concurrency_py3k.py", line 132, in await_only
    return current.parent.switch(awaitable)  # type: ignore[no-any-return,attr-defined] # noqa: E501
  File "/Users/myeongsujin/uigen/Outputs/stock-news/backend/.venv/lib/python3.9/site-packages/sqlalchemy/util/_concurrency_py3k.py", line 196, in greenlet_spawn
    value = await result
  File "/Users/myeongsujin/uigen/Outputs/stock-news/backend/.venv/lib/python3.9/site-packages/sqlalchemy/dialects/postgresql/asyncpg.py", line 563, in _prepare_and_execute
    self._handle_exception(error)
  File "/Users/myeongsujin/uigen/Outputs/stock-news/backend/.venv/lib/python3.9/site-packages/sqlalchemy/dialects/postgresql/asyncpg.py", line 513, in _handle_exception
    self._adapt_connection._handle_exception(error)
  File "/Users/myeongsujin/uigen/Outputs/stock-news/backend/.venv/lib/python3.9/site-packages/sqlalchemy/dialects/postgresql/asyncpg.py", line 797, in _handle_exception
    raise translated_error from error
sqlalchemy.exc.IntegrityError: (sqlalchemy.dialects.postgresql.asyncpg.IntegrityError) <class 'asyncpg.exceptions.UniqueViolationError'>: duplicate key value violates unique constraint "news_url_key"
DETAIL:  Key (url)=(https://finance.naver.com/news/news_read.naver?article_id=0001837958&office_id=005&mode=mainnews&type=&date=2026-03-19&page=1) already exists.
[SQL: INSERT INTO news (title, content, url, source, published_at, crawled_at, is_duplicate, original_news_id, similarity_score, importance_score, sentiment, sentiment_score, sector, thumbnail, summary, beneficiary_stocks, affected_stocks, is_analyzed) VALUES ($1::VARCHAR, $2::VARCHAR, $3::VARCHAR, $4::VARCHAR, $5::TIMESTAMP WITHOUT TIME ZONE, $6::TIMESTAMP WITHOUT TIME ZONE, $7::BOOLEAN, $8::INTEGER, $9::FLOAT, $10::FLOAT, $11::VARCHAR, $12::FLOAT, $13::VARCHAR, $14::VARCHAR, $15::VARCHAR, $16::JSON, $17::JSON, $18::BOOLEAN) RETURNING news.id]
[parameters: ('', '', 'https://finance.naver.com/news/news_read.naver?article_id=0001837958&office_id=005&mode=mainnews&type=&date=2026-03-19&page=1', '네이버증권', datetime.datetime(2026, 3, 19, 1, 20, 36, 242721), datetime.datetime(2026, 3, 18, 16, 20, 36, 268558), False, None, None, 50.0, 'neutral', None, None, None, None, '[]', '[]', False)]
(Background on this error at: https://sqlalche.me/e/20/gkpj)
INFO:     Application startup complete.
INFO:     Uvicorn running on http://127.0.0.1:8000 (Press CTRL+C to quit)
2026-03-19 01:20:36,756 INFO sqlalchemy.engine.Engine BEGIN (implicit)
2026-03-19 01:20:36,759 INFO sqlalchemy.engine.Engine SELECT news.title 
FROM news 
WHERE news.published_at >= $1::TIMESTAMP WITHOUT TIME ZONE AND news.is_duplicate = false
2026-03-19 01:20:36,759 INFO sqlalchemy.engine.Engine [generated in 0.00051s] (datetime.datetime(2026, 3, 19, 0, 20, 36, 755945),)
INFO:     127.0.0.1:62044 - "GET /api/keywords/trending?hours=1&limit=15 HTTP/1.1" 200 OK
2026-03-19 01:20:36,761 INFO sqlalchemy.engine.Engine ROLLBACK
INFO:     127.0.0.1:62052 - "GET /api/ticker HTTP/1.1" 200 OK
2026-03-19 01:21:25,968 INFO sqlalchemy.engine.Engine BEGIN (implicit)
2026-03-19 01:21:25,969 INFO sqlalchemy.engine.Engine SELECT news.title 
FROM news 
WHERE news.published_at >= $1::TIMESTAMP WITHOUT TIME ZONE AND news.is_duplicate = false
2026-03-19 01:21:25,969 INFO sqlalchemy.engine.Engine [cached since 49.21s ago] (datetime.datetime(2026, 3, 19, 0, 21, 25, 964978),)
INFO:     127.0.0.1:62070 - "GET /api/keywords/trending?hours=1&limit=15 HTTP/1.1" 200 OK
2026-03-19 01:21:25,978 INFO sqlalchemy.engine.Engine ROLLBACK
2026-03-19 01:21:25,982 INFO sqlalchemy.engine.Engine BEGIN (implicit)
2026-03-19 01:21:25,984 INFO sqlalchemy.engine.Engine SELECT news.id, news.title, news.content, news.url, news.source, news.published_at, news.crawled_at, news.is_duplicate, news.original_news_id, news.similarity_score, news.importance_score, news.sentiment, news.sentiment_score, news.sector, news.thumbnail, news.summary, news.beneficiary_stocks, news.affected_stocks, news.is_analyzed 
FROM news 
WHERE news.published_at >= $1::TIMESTAMP WITHOUT TIME ZONE AND news.is_duplicate = false AND news.beneficiary_stocks IS NOT NULL
2026-03-19 01:21:25,984 INFO sqlalchemy.engine.Engine [generated in 0.00015s] (datetime.datetime(2026, 3, 19, 0, 0),)
2026-03-19 01:21:25,984 INFO sqlalchemy.engine.Engine BEGIN (implicit)
2026-03-19 01:21:25,986 INFO sqlalchemy.engine.Engine SELECT count(*) AS count_1 
FROM (SELECT news.id AS id, news.title AS title, news.content AS content, news.url AS url, news.source AS source, news.published_at AS published_at, news.crawled_at AS crawled_at, news.is_duplicate AS is_duplicate, news.original_news_id AS original_news_id, news.similarity_score AS similarity_score, news.importance_score AS importance_score, news.sentiment AS sentiment, news.sentiment_score AS sentiment_score, news.sector AS sector, news.thumbnail AS thumbnail, news.summary AS summary, news.beneficiary_stocks AS beneficiary_stocks, news.affected_stocks AS affected_stocks, news.is_analyzed AS is_analyzed 
FROM news 
WHERE news.is_duplicate = false ORDER BY news.importance_score DESC, news.published_at DESC) AS anon_1
2026-03-19 01:21:25,986 INFO sqlalchemy.engine.Engine [generated in 0.00009s] ()
INFO:     127.0.0.1:62071 - "GET /api/stocks/beneficiary?limit=10 HTTP/1.1" 200 OK
2026-03-19 01:21:25,989 INFO sqlalchemy.engine.Engine ROLLBACK
2026-03-19 01:21:25,990 INFO sqlalchemy.engine.Engine SELECT news.id, news.title, news.content, news.url, news.source, news.published_at, news.crawled_at, news.is_duplicate, news.original_news_id, news.similarity_score, news.importance_score, news.sentiment, news.sentiment_score, news.sector, news.thumbnail, news.summary, news.beneficiary_stocks, news.affected_stocks, news.is_analyzed 
FROM news 
WHERE news.is_duplicate = false ORDER BY news.importance_score DESC, news.published_at DESC 
 LIMIT $1::INTEGER OFFSET $2::INTEGER
2026-03-19 01:21:25,990 INFO sqlalchemy.engine.Engine [generated in 0.00010s] (30, 0)
INFO:     127.0.0.1:62072 - "GET /api/news?page_size=30 HTTP/1.1" 200 OK
2026-03-19 01:21:25,992 INFO sqlalchemy.engine.Engine ROLLBACK
INFO:     127.0.0.1:62069 - "GET /api/ticker HTTP/1.1" 200 OK
INFO:     127.0.0.1:62077 - "GET /api/ticker HTTP/1.1" 200 OK
2026-03-19 01:21:40,869 INFO sqlalchemy.engine.Engine BEGIN (implicit)
2026-03-19 01:21:40,869 INFO sqlalchemy.engine.Engine SELECT news.title 
FROM news 
WHERE news.published_at >= $1::TIMESTAMP WITHOUT TIME ZONE AND news.is_duplicate = false
2026-03-19 01:21:40,869 INFO sqlalchemy.engine.Engine [cached since 64.11s ago] (datetime.datetime(2026, 3, 19, 0, 21, 40, 868986),)
2026-03-19 01:21:40,870 INFO sqlalchemy.engine.Engine BEGIN (implicit)
2026-03-19 01:21:40,874 INFO sqlalchemy.engine.Engine SELECT count(*) AS count_1 
FROM (SELECT news.id AS id, news.title AS title, news.content AS content, news.url AS url, news.source AS source, news.published_at AS published_at, news.crawled_at AS crawled_at, news.is_duplicate AS is_duplicate, news.original_news_id AS original_news_id, news.similarity_score AS similarity_score, news.importance_score AS importance_score, news.sentiment AS sentiment, news.sentiment_score AS sentiment_score, news.sector AS sector, news.thumbnail AS thumbnail, news.summary AS summary, news.beneficiary_stocks AS beneficiary_stocks, news.affected_stocks AS affected_stocks, news.is_analyzed AS is_analyzed 
FROM news 
WHERE news.is_duplicate = false ORDER BY news.importance_score DESC, news.published_at DESC) AS anon_1
2026-03-19 01:21:40,878 INFO sqlalchemy.engine.Engine [cached since 14.89s ago] ()
2026-03-19 01:21:40,880 INFO sqlalchemy.engine.Engine BEGIN (implicit)
2026-03-19 01:21:40,883 INFO sqlalchemy.engine.Engine SELECT news.id, news.title, news.content, news.url, news.source, news.published_at, news.crawled_at, news.is_duplicate, news.original_news_id, news.similarity_score, news.importance_score, news.sentiment, news.sentiment_score, news.sector, news.thumbnail, news.summary, news.beneficiary_stocks, news.affected_stocks, news.is_analyzed 
FROM news 
WHERE news.published_at >= $1::TIMESTAMP WITHOUT TIME ZONE AND news.is_duplicate = false AND news.beneficiary_stocks IS NOT NULL
2026-03-19 01:21:40,884 INFO sqlalchemy.engine.Engine [cached since 14.9s ago] (datetime.datetime(2026, 3, 19, 0, 0),)
INFO:     127.0.0.1:62090 - "GET /api/keywords/trending?hours=1&limit=15 HTTP/1.1" 200 OK
2026-03-19 01:21:40,889 INFO sqlalchemy.engine.Engine ROLLBACK
INFO:     127.0.0.1:62095 - "GET /api/stocks/beneficiary?limit=10 HTTP/1.1" 200 OK
2026-03-19 01:21:40,896 INFO sqlalchemy.engine.Engine ROLLBACK
2026-03-19 01:21:40,899 INFO sqlalchemy.engine.Engine SELECT news.id, news.title, news.content, news.url, news.source, news.published_at, news.crawled_at, news.is_duplicate, news.original_news_id, news.similarity_score, news.importance_score, news.sentiment, news.sentiment_score, news.sector, news.thumbnail, news.summary, news.beneficiary_stocks, news.affected_stocks, news.is_analyzed 
FROM news 
WHERE news.is_duplicate = false ORDER BY news.importance_score DESC, news.published_at DESC 
 LIMIT $1::INTEGER OFFSET $2::INTEGER
2026-03-19 01:21:40,899 INFO sqlalchemy.engine.Engine [generated in 0.00041s] (30, 0)
INFO:     127.0.0.1:62093 - "GET /api/news?page_size=30 HTTP/1.1" 200 OK
2026-03-19 01:21:40,904 INFO sqlalchemy.engine.Engine ROLLBACK
INFO:     127.0.0.1:62088 - "GET /api/ticker HTTP/1.1" 200 OK
INFO:     127.0.0.1:62098 - "GET /api/ticker HTTP/1.1" 200 OK
2026-03-19 01:22:10,645 INFO sqlalchemy.engine.Engine BEGIN (implicit)
2026-03-19 01:22:10,646 INFO sqlalchemy.engine.Engine SELECT news.title 
FROM news 
WHERE news.published_at >= $1::TIMESTAMP WITHOUT TIME ZONE AND news.is_duplicate = false
2026-03-19 01:22:10,646 INFO sqlalchemy.engine.Engine [cached since 93.88s ago] (datetime.datetime(2026, 3, 19, 0, 22, 10, 642594),)
2026-03-19 01:22:10,648 INFO sqlalchemy.engine.Engine BEGIN (implicit)
2026-03-19 01:22:10,648 INFO sqlalchemy.engine.Engine SELECT news.id, news.title, news.content, news.url, news.source, news.published_at, news.crawled_at, news.is_duplicate, news.original_news_id, news.similarity_score, news.importance_score, news.sentiment, news.sentiment_score, news.sector, news.thumbnail, news.summary, news.beneficiary_stocks, news.affected_stocks, news.is_analyzed 
FROM news 
WHERE news.published_at >= $1::TIMESTAMP WITHOUT TIME ZONE AND news.is_duplicate = false AND news.beneficiary_stocks IS NOT NULL
2026-03-19 01:22:10,648 INFO sqlalchemy.engine.Engine [cached since 44.66s ago] (datetime.datetime(2026, 3, 19, 0, 0),)
2026-03-19 01:22:10,650 INFO sqlalchemy.engine.Engine BEGIN (implicit)
2026-03-19 01:22:10,650 INFO sqlalchemy.engine.Engine SELECT count(*) AS count_1 
FROM (SELECT news.id AS id, news.title AS title, news.content AS content, news.url AS url, news.source AS source, news.published_at AS published_at, news.crawled_at AS crawled_at, news.is_duplicate AS is_duplicate, news.original_news_id AS original_news_id, news.similarity_score AS similarity_score, news.importance_score AS importance_score, news.sentiment AS sentiment, news.sentiment_score AS sentiment_score, news.sector AS sector, news.thumbnail AS thumbnail, news.summary AS summary, news.beneficiary_stocks AS beneficiary_stocks, news.affected_stocks AS affected_stocks, news.is_analyzed AS is_analyzed 
FROM news 
WHERE news.is_duplicate = false ORDER BY news.importance_score DESC, news.published_at DESC) AS anon_1
2026-03-19 01:22:10,650 INFO sqlalchemy.engine.Engine [cached since 44.66s ago] ()
INFO:     127.0.0.1:62124 - "GET /api/keywords/trending?hours=1&limit=15 HTTP/1.1" 200 OK
2026-03-19 01:22:10,652 INFO sqlalchemy.engine.Engine ROLLBACK
INFO:     127.0.0.1:62126 - "GET /api/stocks/beneficiary?limit=10 HTTP/1.1" 200 OK
2026-03-19 01:22:10,652 INFO sqlalchemy.engine.Engine ROLLBACK
2026-03-19 01:22:10,654 INFO sqlalchemy.engine.Engine SELECT news.id, news.title, news.content, news.url, news.source, news.published_at, news.crawled_at, news.is_duplicate, news.original_news_id, news.similarity_score, news.importance_score, news.sentiment, news.sentiment_score, news.sector, news.thumbnail, news.summary, news.beneficiary_stocks, news.affected_stocks, news.is_analyzed 
FROM news 
WHERE news.is_duplicate = false ORDER BY news.importance_score DESC, news.published_at DESC 
 LIMIT $1::INTEGER OFFSET $2::INTEGER
2026-03-19 01:22:10,654 INFO sqlalchemy.engine.Engine [cached since 29.75s ago] (30, 0)
INFO:     127.0.0.1:62129 - "GET /api/news?page_size=30 HTTP/1.1" 200 OK
2026-03-19 01:22:10,655 INFO sqlalchemy.engine.Engine ROLLBACK
INFO:     127.0.0.1:62123 - "GET /api/ticker HTTP/1.1" 200 OK
INFO:     127.0.0.1:62133 - "GET /api/ticker HTTP/1.1" 200 OK
>>> 크롤링 시작...
>>> 크롤링 완료: 1개
2026-03-19 01:30:36,303 INFO sqlalchemy.engine.Engine BEGIN (implicit)
2026-03-19 01:30:36,307 INFO sqlalchemy.engine.Engine SELECT news.id, news.title, news.content 
FROM news 
WHERE news.crawled_at >= $1::TIMESTAMP WITHOUT TIME ZONE AND news.is_duplicate = false
2026-03-19 01:30:36,308 INFO sqlalchemy.engine.Engine [cached since 600s ago] (datetime.datetime(2026, 3, 17, 16, 30, 36, 283693),)
>>> AI 스킵: analyze() got an unexpected keyword argument 'source'
2026-03-19 01:30:36,349 INFO sqlalchemy.engine.Engine INSERT INTO news (title, content, url, source, published_at, crawled_at, is_duplicate, original_news_id, similarity_score, importance_score, sentiment, sentiment_score, sector, thumbnail, summary, beneficiary_stocks, affected_stocks, is_analyzed) VALUES ($1::VARCHAR, $2::VARCHAR, $3::VARCHAR, $4::VARCHAR, $5::TIMESTAMP WITHOUT TIME ZONE, $6::TIMESTAMP WITHOUT TIME ZONE, $7::BOOLEAN, $8::INTEGER, $9::FLOAT, $10::FLOAT, $11::VARCHAR, $12::FLOAT, $13::VARCHAR, $14::VARCHAR, $15::VARCHAR, $16::JSON, $17::JSON, $18::BOOLEAN) RETURNING news.id
2026-03-19 01:30:36,350 INFO sqlalchemy.engine.Engine [cached since 600.1s ago] ('', '', 'https://finance.naver.com/news/news_read.naver?article_id=0001837958&office_id=005&mode=mainnews&type=&date=2026-03-19&page=1', '네이버증권', datetime.datetime(2026, 3, 19, 1, 30, 36, 282024), datetime.datetime(2026, 3, 18, 16, 30, 36, 349849), False, None, None, 50.0, 'neutral', None, None, None, None, '[]', '[]', False)
2026-03-19 01:30:36,362 INFO sqlalchemy.engine.Engine ROLLBACK
>>> 크롤링 오류: (sqlalchemy.dialects.postgresql.asyncpg.IntegrityError) <class 'asyncpg.exceptions.UniqueViolationError'>: duplicate key value violates unique constraint "news_url_key"
DETAIL:  Key (url)=(https://finance.naver.com/news/news_read.naver?article_id=0001837958&office_id=005&mode=mainnews&type=&date=2026-03-19&page=1) already exists.
[SQL: INSERT INTO news (title, content, url, source, published_at, crawled_at, is_duplicate, original_news_id, similarity_score, importance_score, sentiment, sentiment_score, sector, thumbnail, summary, beneficiary_stocks, affected_stocks, is_analyzed) VALUES ($1::VARCHAR, $2::VARCHAR, $3::VARCHAR, $4::VARCHAR, $5::TIMESTAMP WITHOUT TIME ZONE, $6::TIMESTAMP WITHOUT TIME ZONE, $7::BOOLEAN, $8::INTEGER, $9::FLOAT, $10::FLOAT, $11::VARCHAR, $12::FLOAT, $13::VARCHAR, $14::VARCHAR, $15::VARCHAR, $16::JSON, $17::JSON, $18::BOOLEAN) RETURNING news.id]
[parameters: ('', '', 'https://finance.naver.com/news/news_read.naver?article_id=0001837958&office_id=005&mode=mainnews&type=&date=2026-03-19&page=1', '네이버증권', datetime.datetime(2026, 3, 19, 1, 30, 36, 282024), datetime.datetime(2026, 3, 18, 16, 30, 36, 349849), False, None, None, 50.0, 'neutral', None, None, None, None, '[]', '[]', False)]
(Background on this error at: https://sqlalche.me/e/20/gkpj)
Traceback (most recent call last):
  File "/Users/myeongsujin/uigen/Outputs/stock-news/backend/.venv/lib/python3.9/site-packages/sqlalchemy/dialects/postgresql/asyncpg.py", line 550, in _prepare_and_execute
    self._rows = deque(await prepared_stmt.fetch(*parameters))
  File "/Users/myeongsujin/uigen/Outputs/stock-news/backend/.venv/lib/python3.9/site-packages/asyncpg/prepared_stmt.py", line 177, in fetch
    data = await self.__bind_execute(args, 0, timeout)
  File "/Users/myeongsujin/uigen/Outputs/stock-news/backend/.venv/lib/python3.9/site-packages/asyncpg/prepared_stmt.py", line 268, in __bind_execute
    data, status, _ = await self.__do_execute(
  File "/Users/myeongsujin/uigen/Outputs/stock-news/backend/.venv/lib/python3.9/site-packages/asyncpg/prepared_stmt.py", line 257, in __do_execute
    return await executor(protocol)
  File "asyncpg/protocol/protocol.pyx", line 205, in bind_execute
asyncpg.exceptions.UniqueViolationError: duplicate key value violates unique constraint "news_url_key"
DETAIL:  Key (url)=(https://finance.naver.com/news/news_read.naver?article_id=0001837958&office_id=005&mode=mainnews&type=&date=2026-03-19&page=1) already exists.

The above exception was the direct cause of the following exception:

Traceback (most recent call last):
  File "/Users/myeongsujin/uigen/Outputs/stock-news/backend/.venv/lib/python3.9/site-packages/sqlalchemy/engine/base.py", line 1967, in _exec_single_context
    self.dialect.do_execute(
  File "/Users/myeongsujin/uigen/Outputs/stock-news/backend/.venv/lib/python3.9/site-packages/sqlalchemy/engine/default.py", line 952, in do_execute
    cursor.execute(statement, parameters)
  File "/Users/myeongsujin/uigen/Outputs/stock-news/backend/.venv/lib/python3.9/site-packages/sqlalchemy/dialects/postgresql/asyncpg.py", line 585, in execute
    self._adapt_connection.await_(
  File "/Users/myeongsujin/uigen/Outputs/stock-news/backend/.venv/lib/python3.9/site-packages/sqlalchemy/util/_concurrency_py3k.py", line 132, in await_only
    return current.parent.switch(awaitable)  # type: ignore[no-any-return,attr-defined] # noqa: E501
  File "/Users/myeongsujin/uigen/Outputs/stock-news/backend/.venv/lib/python3.9/site-packages/sqlalchemy/util/_concurrency_py3k.py", line 196, in greenlet_spawn
    value = await result
  File "/Users/myeongsujin/uigen/Outputs/stock-news/backend/.venv/lib/python3.9/site-packages/sqlalchemy/dialects/postgresql/asyncpg.py", line 563, in _prepare_and_execute
    self._handle_exception(error)
  File "/Users/myeongsujin/uigen/Outputs/stock-news/backend/.venv/lib/python3.9/site-packages/sqlalchemy/dialects/postgresql/asyncpg.py", line 513, in _handle_exception
    self._adapt_connection._handle_exception(error)
  File "/Users/myeongsujin/uigen/Outputs/stock-news/backend/.venv/lib/python3.9/site-packages/sqlalchemy/dialects/postgresql/asyncpg.py", line 797, in _handle_exception
    raise translated_error from error
sqlalchemy.dialects.postgresql.asyncpg.AsyncAdapt_asyncpg_dbapi.IntegrityError: <class 'asyncpg.exceptions.UniqueViolationError'>: duplicate key value violates unique constraint "news_url_key"
DETAIL:  Key (url)=(https://finance.naver.com/news/news_read.naver?article_id=0001837958&office_id=005&mode=mainnews&type=&date=2026-03-19&page=1) already exists.

The above exception was the direct cause of the following exception:

Traceback (most recent call last):
  File "/Users/myeongsujin/uigen/Outputs/stock-news/backend/app/main.py", line 109, in run_crawl
    await db.commit()
  File "/Users/myeongsujin/uigen/Outputs/stock-news/backend/.venv/lib/python3.9/site-packages/sqlalchemy/ext/asyncio/session.py", line 1000, in commit
    await greenlet_spawn(self.sync_session.commit)
  File "/Users/myeongsujin/uigen/Outputs/stock-news/backend/.venv/lib/python3.9/site-packages/sqlalchemy/util/_concurrency_py3k.py", line 203, in greenlet_spawn
    result = context.switch(value)
  File "/Users/myeongsujin/uigen/Outputs/stock-news/backend/.venv/lib/python3.9/site-packages/sqlalchemy/orm/session.py", line 2030, in commit
    trans.commit(_to_root=True)
  File "<string>", line 2, in commit
  File "/Users/myeongsujin/uigen/Outputs/stock-news/backend/.venv/lib/python3.9/site-packages/sqlalchemy/orm/state_changes.py", line 137, in _go
    ret_value = fn(self, *arg, **kw)
  File "/Users/myeongsujin/uigen/Outputs/stock-news/backend/.venv/lib/python3.9/site-packages/sqlalchemy/orm/session.py", line 1311, in commit
    self._prepare_impl()
  File "<string>", line 2, in _prepare_impl
  File "/Users/myeongsujin/uigen/Outputs/stock-news/backend/.venv/lib/python3.9/site-packages/sqlalchemy/orm/state_changes.py", line 137, in _go
    ret_value = fn(self, *arg, **kw)
  File "/Users/myeongsujin/uigen/Outputs/stock-news/backend/.venv/lib/python3.9/site-packages/sqlalchemy/orm/session.py", line 1286, in _prepare_impl
    self.session.flush()
  File "/Users/myeongsujin/uigen/Outputs/stock-news/backend/.venv/lib/python3.9/site-packages/sqlalchemy/orm/session.py", line 4331, in flush
    self._flush(objects)
  File "/Users/myeongsujin/uigen/Outputs/stock-news/backend/.venv/lib/python3.9/site-packages/sqlalchemy/orm/session.py", line 4467, in _flush
    transaction.rollback(_capture_exception=True)
  File "/Users/myeongsujin/uigen/Outputs/stock-news/backend/.venv/lib/python3.9/site-packages/sqlalchemy/util/langhelpers.py", line 121, in __exit__
    raise exc_value.with_traceback(exc_tb)
  File "/Users/myeongsujin/uigen/Outputs/stock-news/backend/.venv/lib/python3.9/site-packages/sqlalchemy/orm/session.py", line 4427, in _flush
    flush_context.execute()
  File "/Users/myeongsujin/uigen/Outputs/stock-news/backend/.venv/lib/python3.9/site-packages/sqlalchemy/orm/unitofwork.py", line 466, in execute
    rec.execute(self)
  File "/Users/myeongsujin/uigen/Outputs/stock-news/backend/.venv/lib/python3.9/site-packages/sqlalchemy/orm/unitofwork.py", line 642, in execute
    util.preloaded.orm_persistence.save_obj(
  File "/Users/myeongsujin/uigen/Outputs/stock-news/backend/.venv/lib/python3.9/site-packages/sqlalchemy/orm/persistence.py", line 93, in save_obj
    _emit_insert_statements(
  File "/Users/myeongsujin/uigen/Outputs/stock-news/backend/.venv/lib/python3.9/site-packages/sqlalchemy/orm/persistence.py", line 1233, in _emit_insert_statements
    result = connection.execute(
  File "/Users/myeongsujin/uigen/Outputs/stock-news/backend/.venv/lib/python3.9/site-packages/sqlalchemy/engine/base.py", line 1419, in execute
    return meth(
  File "/Users/myeongsujin/uigen/Outputs/stock-news/backend/.venv/lib/python3.9/site-packages/sqlalchemy/sql/elements.py", line 527, in _execute_on_connection
    return connection._execute_clauseelement(
  File "/Users/myeongsujin/uigen/Outputs/stock-news/backend/.venv/lib/python3.9/site-packages/sqlalchemy/engine/base.py", line 1641, in _execute_clauseelement
    ret = self._execute_context(
  File "/Users/myeongsujin/uigen/Outputs/stock-news/backend/.venv/lib/python3.9/site-packages/sqlalchemy/engine/base.py", line 1846, in _execute_context
    return self._exec_single_context(
  File "/Users/myeongsujin/uigen/Outputs/stock-news/backend/.venv/lib/python3.9/site-packages/sqlalchemy/engine/base.py", line 1986, in _exec_single_context
    self._handle_dbapi_exception(
  File "/Users/myeongsujin/uigen/Outputs/stock-news/backend/.venv/lib/python3.9/site-packages/sqlalchemy/engine/base.py", line 2363, in _handle_dbapi_exception
    raise sqlalchemy_exception.with_traceback(exc_info[2]) from e
  File "/Users/myeongsujin/uigen/Outputs/stock-news/backend/.venv/lib/python3.9/site-packages/sqlalchemy/engine/base.py", line 1967, in _exec_single_context
    self.dialect.do_execute(
  File "/Users/myeongsujin/uigen/Outputs/stock-news/backend/.venv/lib/python3.9/site-packages/sqlalchemy/engine/default.py", line 952, in do_execute
    cursor.execute(statement, parameters)
  File "/Users/myeongsujin/uigen/Outputs/stock-news/backend/.venv/lib/python3.9/site-packages/sqlalchemy/dialects/postgresql/asyncpg.py", line 585, in execute
    self._adapt_connection.await_(
  File "/Users/myeongsujin/uigen/Outputs/stock-news/backend/.venv/lib/python3.9/site-packages/sqlalchemy/util/_concurrency_py3k.py", line 132, in await_only
    return current.parent.switch(awaitable)  # type: ignore[no-any-return,attr-defined] # noqa: E501
  File "/Users/myeongsujin/uigen/Outputs/stock-news/backend/.venv/lib/python3.9/site-packages/sqlalchemy/util/_concurrency_py3k.py", line 196, in greenlet_spawn
    value = await result
  File "/Users/myeongsujin/uigen/Outputs/stock-news/backend/.venv/lib/python3.9/site-packages/sqlalchemy/dialects/postgresql/asyncpg.py", line 563, in _prepare_and_execute
    self._handle_exception(error)
  File "/Users/myeongsujin/uigen/Outputs/stock-news/backend/.venv/lib/python3.9/site-packages/sqlalchemy/dialects/postgresql/asyncpg.py", line 513, in _handle_exception
    self._adapt_connection._handle_exception(error)
  File "/Users/myeongsujin/uigen/Outputs/stock-news/backend/.venv/lib/python3.9/site-packages/sqlalchemy/dialects/postgresql/asyncpg.py", line 797, in _handle_exception
    raise translated_error from error
sqlalchemy.exc.IntegrityError: (sqlalchemy.dialects.postgresql.asyncpg.IntegrityError) <class 'asyncpg.exceptions.UniqueViolationError'>: duplicate key value violates unique constraint "news_url_key"
DETAIL:  Key (url)=(https://finance.naver.com/news/news_read.naver?article_id=0001837958&office_id=005&mode=mainnews&type=&date=2026-03-19&page=1) already exists.
[SQL: INSERT INTO news (title, content, url, source, published_at, crawled_at, is_duplicate, original_news_id, similarity_score, importance_score, sentiment, sentiment_score, sector, thumbnail, summary, beneficiary_stocks, affected_stocks, is_analyzed) VALUES ($1::VARCHAR, $2::VARCHAR, $3::VARCHAR, $4::VARCHAR, $5::TIMESTAMP WITHOUT TIME ZONE, $6::TIMESTAMP WITHOUT TIME ZONE, $7::BOOLEAN, $8::INTEGER, $9::FLOAT, $10::FLOAT, $11::VARCHAR, $12::FLOAT, $13::VARCHAR, $14::VARCHAR, $15::VARCHAR, $16::JSON, $17::JSON, $18::BOOLEAN) RETURNING news.id]
[parameters: ('', '', 'https://finance.naver.com/news/news_read.naver?article_id=0001837958&office_id=005&mode=mainnews&type=&date=2026-03-19&page=1', '네이버증권', datetime.datetime(2026, 3, 19, 1, 30, 36, 282024), datetime.datetime(2026, 3, 18, 16, 30, 36, 349849), False, None, None, 50.0, 'neutral', None, None, None, None, '[]', '[]', False)]
(Background on this error at: https://sqlalche.me/e/20/gkpj)
>>> 크롤링 시작...
>>> 크롤링 완료: 1개
2026-03-19 01:40:36,335 INFO sqlalchemy.engine.Engine BEGIN (implicit)
2026-03-19 01:40:36,336 INFO sqlalchemy.engine.Engine SELECT news.id, news.title, news.content 
FROM news 
WHERE news.crawled_at >= $1::TIMESTAMP WITHOUT TIME ZONE AND news.is_duplicate = false
2026-03-19 01:40:36,336 INFO sqlalchemy.engine.Engine [cached since 1200s ago] (datetime.datetime(2026, 3, 17, 16, 40, 36, 333499),)
>>> AI 스킵: analyze() got an unexpected keyword argument 'source'
2026-03-19 01:40:36,347 INFO sqlalchemy.engine.Engine INSERT INTO news (title, content, url, source, published_at, crawled_at, is_duplicate, original_news_id, similarity_score, importance_score, sentiment, sentiment_score, sector, thumbnail, summary, beneficiary_stocks, affected_stocks, is_analyzed) VALUES ($1::VARCHAR, $2::VARCHAR, $3::VARCHAR, $4::VARCHAR, $5::TIMESTAMP WITHOUT TIME ZONE, $6::TIMESTAMP WITHOUT TIME ZONE, $7::BOOLEAN, $8::INTEGER, $9::FLOAT, $10::FLOAT, $11::VARCHAR, $12::FLOAT, $13::VARCHAR, $14::VARCHAR, $15::VARCHAR, $16::JSON, $17::JSON, $18::BOOLEAN) RETURNING news.id
2026-03-19 01:40:36,347 INFO sqlalchemy.engine.Engine [cached since 1200s ago] ('', '', 'https://finance.naver.com/news/news_read.naver?article_id=0001837958&office_id=005&mode=mainnews&type=&date=2026-03-19&page=1', '네이버증권', datetime.datetime(2026, 3, 19, 1, 40, 36, 332667), datetime.datetime(2026, 3, 18, 16, 40, 36, 346893), False, None, None, 50.0, 'neutral', None, None, None, None, '[]', '[]', False)
2026-03-19 01:40:36,350 INFO sqlalchemy.engine.Engine ROLLBACK
>>> 크롤링 오류: (sqlalchemy.dialects.postgresql.asyncpg.IntegrityError) <class 'asyncpg.exceptions.UniqueViolationError'>: duplicate key value violates unique constraint "news_url_key"
DETAIL:  Key (url)=(https://finance.naver.com/news/news_read.naver?article_id=0001837958&office_id=005&mode=mainnews&type=&date=2026-03-19&page=1) already exists.
[SQL: INSERT INTO news (title, content, url, source, published_at, crawled_at, is_duplicate, original_news_id, similarity_score, importance_score, sentiment, sentiment_score, sector, thumbnail, summary, beneficiary_stocks, affected_stocks, is_analyzed) VALUES ($1::VARCHAR, $2::VARCHAR, $3::VARCHAR, $4::VARCHAR, $5::TIMESTAMP WITHOUT TIME ZONE, $6::TIMESTAMP WITHOUT TIME ZONE, $7::BOOLEAN, $8::INTEGER, $9::FLOAT, $10::FLOAT, $11::VARCHAR, $12::FLOAT, $13::VARCHAR, $14::VARCHAR, $15::VARCHAR, $16::JSON, $17::JSON, $18::BOOLEAN) RETURNING news.id]
[parameters: ('', '', 'https://finance.naver.com/news/news_read.naver?article_id=0001837958&office_id=005&mode=mainnews&type=&date=2026-03-19&page=1', '네이버증권', datetime.datetime(2026, 3, 19, 1, 40, 36, 332667), datetime.datetime(2026, 3, 18, 16, 40, 36, 346893), False, None, None, 50.0, 'neutral', None, None, None, None, '[]', '[]', False)]
(Background on this error at: https://sqlalche.me/e/20/gkpj)
Traceback (most recent call last):
  File "/Users/myeongsujin/uigen/Outputs/stock-news/backend/.venv/lib/python3.9/site-packages/sqlalchemy/dialects/postgresql/asyncpg.py", line 550, in _prepare_and_execute
    self._rows = deque(await prepared_stmt.fetch(*parameters))
  File "/Users/myeongsujin/uigen/Outputs/stock-news/backend/.venv/lib/python3.9/site-packages/asyncpg/prepared_stmt.py", line 177, in fetch
    data = await self.__bind_execute(args, 0, timeout)
  File "/Users/myeongsujin/uigen/Outputs/stock-news/backend/.venv/lib/python3.9/site-packages/asyncpg/prepared_stmt.py", line 268, in __bind_execute
    data, status, _ = await self.__do_execute(
  File "/Users/myeongsujin/uigen/Outputs/stock-news/backend/.venv/lib/python3.9/site-packages/asyncpg/prepared_stmt.py", line 257, in __do_execute
    return await executor(protocol)
  File "asyncpg/protocol/protocol.pyx", line 205, in bind_execute
asyncpg.exceptions.UniqueViolationError: duplicate key value violates unique constraint "news_url_key"
DETAIL:  Key (url)=(https://finance.naver.com/news/news_read.naver?article_id=0001837958&office_id=005&mode=mainnews&type=&date=2026-03-19&page=1) already exists.

The above exception was the direct cause of the following exception:

Traceback (most recent call last):
  File "/Users/myeongsujin/uigen/Outputs/stock-news/backend/.venv/lib/python3.9/site-packages/sqlalchemy/engine/base.py", line 1967, in _exec_single_context
    self.dialect.do_execute(
  File "/Users/myeongsujin/uigen/Outputs/stock-news/backend/.venv/lib/python3.9/site-packages/sqlalchemy/engine/default.py", line 952, in do_execute
    cursor.execute(statement, parameters)
  File "/Users/myeongsujin/uigen/Outputs/stock-news/backend/.venv/lib/python3.9/site-packages/sqlalchemy/dialects/postgresql/asyncpg.py", line 585, in execute
    self._adapt_connection.await_(
  File "/Users/myeongsujin/uigen/Outputs/stock-news/backend/.venv/lib/python3.9/site-packages/sqlalchemy/util/_concurrency_py3k.py", line 132, in await_only
    return current.parent.switch(awaitable)  # type: ignore[no-any-return,attr-defined] # noqa: E501
  File "/Users/myeongsujin/uigen/Outputs/stock-news/backend/.venv/lib/python3.9/site-packages/sqlalchemy/util/_concurrency_py3k.py", line 196, in greenlet_spawn
    value = await result
  File "/Users/myeongsujin/uigen/Outputs/stock-news/backend/.venv/lib/python3.9/site-packages/sqlalchemy/dialects/postgresql/asyncpg.py", line 563, in _prepare_and_execute
    self._handle_exception(error)
  File "/Users/myeongsujin/uigen/Outputs/stock-news/backend/.venv/lib/python3.9/site-packages/sqlalchemy/dialects/postgresql/asyncpg.py", line 513, in _handle_exception
    self._adapt_connection._handle_exception(error)
  File "/Users/myeongsujin/uigen/Outputs/stock-news/backend/.venv/lib/python3.9/site-packages/sqlalchemy/dialects/postgresql/asyncpg.py", line 797, in _handle_exception
    raise translated_error from error
sqlalchemy.dialects.postgresql.asyncpg.AsyncAdapt_asyncpg_dbapi.IntegrityError: <class 'asyncpg.exceptions.UniqueViolationError'>: duplicate key value violates unique constraint "news_url_key"
DETAIL:  Key (url)=(https://finance.naver.com/news/news_read.naver?article_id=0001837958&office_id=005&mode=mainnews&type=&date=2026-03-19&page=1) already exists.

The above exception was the direct cause of the following exception:

Traceback (most recent call last):
  File "/Users/myeongsujin/uigen/Outputs/stock-news/backend/app/main.py", line 109, in run_crawl
    await db.commit()
  File "/Users/myeongsujin/uigen/Outputs/stock-news/backend/.venv/lib/python3.9/site-packages/sqlalchemy/ext/asyncio/session.py", line 1000, in commit
    await greenlet_spawn(self.sync_session.commit)
  File "/Users/myeongsujin/uigen/Outputs/stock-news/backend/.venv/lib/python3.9/site-packages/sqlalchemy/util/_concurrency_py3k.py", line 203, in greenlet_spawn
    result = context.switch(value)
  File "/Users/myeongsujin/uigen/Outputs/stock-news/backend/.venv/lib/python3.9/site-packages/sqlalchemy/orm/session.py", line 2030, in commit
    trans.commit(_to_root=True)
  File "<string>", line 2, in commit
  File "/Users/myeongsujin/uigen/Outputs/stock-news/backend/.venv/lib/python3.9/site-packages/sqlalchemy/orm/state_changes.py", line 137, in _go
    ret_value = fn(self, *arg, **kw)
  File "/Users/myeongsujin/uigen/Outputs/stock-news/backend/.venv/lib/python3.9/site-packages/sqlalchemy/orm/session.py", line 1311, in commit
    self._prepare_impl()
  File "<string>", line 2, in _prepare_impl
  File "/Users/myeongsujin/uigen/Outputs/stock-news/backend/.venv/lib/python3.9/site-packages/sqlalchemy/orm/state_changes.py", line 137, in _go
    ret_value = fn(self, *arg, **kw)
  File "/Users/myeongsujin/uigen/Outputs/stock-news/backend/.venv/lib/python3.9/site-packages/sqlalchemy/orm/session.py", line 1286, in _prepare_impl
    self.session.flush()
  File "/Users/myeongsujin/uigen/Outputs/stock-news/backend/.venv/lib/python3.9/site-packages/sqlalchemy/orm/session.py", line 4331, in flush
    self._flush(objects)
  File "/Users/myeongsujin/uigen/Outputs/stock-news/backend/.venv/lib/python3.9/site-packages/sqlalchemy/orm/session.py", line 4467, in _flush
    transaction.rollback(_capture_exception=True)
  File "/Users/myeongsujin/uigen/Outputs/stock-news/backend/.venv/lib/python3.9/site-packages/sqlalchemy/util/langhelpers.py", line 121, in __exit__
    raise exc_value.with_traceback(exc_tb)
  File "/Users/myeongsujin/uigen/Outputs/stock-news/backend/.venv/lib/python3.9/site-packages/sqlalchemy/orm/session.py", line 4427, in _flush
    flush_context.execute()
  File "/Users/myeongsujin/uigen/Outputs/stock-news/backend/.venv/lib/python3.9/site-packages/sqlalchemy/orm/unitofwork.py", line 466, in execute
    rec.execute(self)
  File "/Users/myeongsujin/uigen/Outputs/stock-news/backend/.venv/lib/python3.9/site-packages/sqlalchemy/orm/unitofwork.py", line 642, in execute
    util.preloaded.orm_persistence.save_obj(
  File "/Users/myeongsujin/uigen/Outputs/stock-news/backend/.venv/lib/python3.9/site-packages/sqlalchemy/orm/persistence.py", line 93, in save_obj
    _emit_insert_statements(
  File "/Users/myeongsujin/uigen/Outputs/stock-news/backend/.venv/lib/python3.9/site-packages/sqlalchemy/orm/persistence.py", line 1233, in _emit_insert_statements
    result = connection.execute(
  File "/Users/myeongsujin/uigen/Outputs/stock-news/backend/.venv/lib/python3.9/site-packages/sqlalchemy/engine/base.py", line 1419, in execute
    return meth(
  File "/Users/myeongsujin/uigen/Outputs/stock-news/backend/.venv/lib/python3.9/site-packages/sqlalchemy/sql/elements.py", line 527, in _execute_on_connection
    return connection._execute_clauseelement(
  File "/Users/myeongsujin/uigen/Outputs/stock-news/backend/.venv/lib/python3.9/site-packages/sqlalchemy/engine/base.py", line 1641, in _execute_clauseelement
    ret = self._execute_context(
  File "/Users/myeongsujin/uigen/Outputs/stock-news/backend/.venv/lib/python3.9/site-packages/sqlalchemy/engine/base.py", line 1846, in _execute_context
    return self._exec_single_context(
  File "/Users/myeongsujin/uigen/Outputs/stock-news/backend/.venv/lib/python3.9/site-packages/sqlalchemy/engine/base.py", line 1986, in _exec_single_context
    self._handle_dbapi_exception(
  File "/Users/myeongsujin/uigen/Outputs/stock-news/backend/.venv/lib/python3.9/site-packages/sqlalchemy/engine/base.py", line 2363, in _handle_dbapi_exception
    raise sqlalchemy_exception.with_traceback(exc_info[2]) from e
  File "/Users/myeongsujin/uigen/Outputs/stock-news/backend/.venv/lib/python3.9/site-packages/sqlalchemy/engine/base.py", line 1967, in _exec_single_context
    self.dialect.do_execute(
  File "/Users/myeongsujin/uigen/Outputs/stock-news/backend/.venv/lib/python3.9/site-packages/sqlalchemy/engine/default.py", line 952, in do_execute
    cursor.execute(statement, parameters)
  File "/Users/myeongsujin/uigen/Outputs/stock-news/backend/.venv/lib/python3.9/site-packages/sqlalchemy/dialects/postgresql/asyncpg.py", line 585, in execute
    self._adapt_connection.await_(
  File "/Users/myeongsujin/uigen/Outputs/stock-news/backend/.venv/lib/python3.9/site-packages/sqlalchemy/util/_concurrency_py3k.py", line 132, in await_only
    return current.parent.switch(awaitable)  # type: ignore[no-any-return,attr-defined] # noqa: E501
  File "/Users/myeongsujin/uigen/Outputs/stock-news/backend/.venv/lib/python3.9/site-packages/sqlalchemy/util/_concurrency_py3k.py", line 196, in greenlet_spawn
    value = await result
  File "/Users/myeongsujin/uigen/Outputs/stock-news/backend/.venv/lib/python3.9/site-packages/sqlalchemy/dialects/postgresql/asyncpg.py", line 563, in _prepare_and_execute
    self._handle_exception(error)
  File "/Users/myeongsujin/uigen/Outputs/stock-news/backend/.venv/lib/python3.9/site-packages/sqlalchemy/dialects/postgresql/asyncpg.py", line 513, in _handle_exception
    self._adapt_connection._handle_exception(error)
  File "/Users/myeongsujin/uigen/Outputs/stock-news/backend/.venv/lib/python3.9/site-packages/sqlalchemy/dialects/postgresql/asyncpg.py", line 797, in _handle_exception
    raise translated_error from error
sqlalchemy.exc.IntegrityError: (sqlalchemy.dialects.postgresql.asyncpg.IntegrityError) <class 'asyncpg.exceptions.UniqueViolationError'>: duplicate key value violates unique constraint "news_url_key"
DETAIL:  Key (url)=(https://finance.naver.com/news/news_read.naver?article_id=0001837958&office_id=005&mode=mainnews&type=&date=2026-03-19&page=1) already exists.
[SQL: INSERT INTO news (title, content, url, source, published_at, crawled_at, is_duplicate, original_news_id, similarity_score, importance_score, sentiment, sentiment_score, sector, thumbnail, summary, beneficiary_stocks, affected_stocks, is_analyzed) VALUES ($1::VARCHAR, $2::VARCHAR, $3::VARCHAR, $4::VARCHAR, $5::TIMESTAMP WITHOUT TIME ZONE, $6::TIMESTAMP WITHOUT TIME ZONE, $7::BOOLEAN, $8::INTEGER, $9::FLOAT, $10::FLOAT, $11::VARCHAR, $12::FLOAT, $13::VARCHAR, $14::VARCHAR, $15::VARCHAR, $16::JSON, $17::JSON, $18::BOOLEAN) RETURNING news.id]
[parameters: ('', '', 'https://finance.naver.com/news/news_read.naver?article_id=0001837958&office_id=005&mode=mainnews&type=&date=2026-03-19&page=1', '네이버증권', datetime.datetime(2026, 3, 19, 1, 40, 36, 332667), datetime.datetime(2026, 3, 18, 16, 40, 36, 346893), False, None, None, 50.0, 'neutral', None, None, None, None, '[]', '[]', False)]
(Background on this error at: https://sqlalche.me/e/20/gkpj)
>>> 크롤링 시작...
>>> 크롤링 완료: 1개
2026-03-19 01:50:36,362 INFO sqlalchemy.engine.Engine BEGIN (implicit)
2026-03-19 01:50:36,365 INFO sqlalchemy.engine.Engine SELECT news.id, news.title, news.content 
FROM news 
WHERE news.crawled_at >= $1::TIMESTAMP WITHOUT TIME ZONE AND news.is_duplicate = false
2026-03-19 01:50:36,366 INFO sqlalchemy.engine.Engine [cached since 1800s ago] (datetime.datetime(2026, 3, 17, 16, 50, 36, 359232),)
>>> AI 스킵: analyze() got an unexpected keyword argument 'source'
2026-03-19 01:50:36,380 INFO sqlalchemy.engine.Engine INSERT INTO news (title, content, url, source, published_at, crawled_at, is_duplicate, original_news_id, similarity_score, importance_score, sentiment, sentiment_score, sector, thumbnail, summary, beneficiary_stocks, affected_stocks, is_analyzed) VALUES ($1::VARCHAR, $2::VARCHAR, $3::VARCHAR, $4::VARCHAR, $5::TIMESTAMP WITHOUT TIME ZONE, $6::TIMESTAMP WITHOUT TIME ZONE, $7::BOOLEAN, $8::INTEGER, $9::FLOAT, $10::FLOAT, $11::VARCHAR, $12::FLOAT, $13::VARCHAR, $14::VARCHAR, $15::VARCHAR, $16::JSON, $17::JSON, $18::BOOLEAN) RETURNING news.id
2026-03-19 01:50:36,380 INFO sqlalchemy.engine.Engine [cached since 1800s ago] ('', '', 'https://finance.naver.com/news/news_read.naver?article_id=0001837958&office_id=005&mode=mainnews&type=&date=2026-03-19&page=1', '네이버증권', datetime.datetime(2026, 3, 19, 1, 50, 36, 358598), datetime.datetime(2026, 3, 18, 16, 50, 36, 380426), False, None, None, 50.0, 'neutral', None, None, None, None, '[]', '[]', False)
2026-03-19 01:50:36,384 INFO sqlalchemy.engine.Engine ROLLBACK
>>> 크롤링 오류: (sqlalchemy.dialects.postgresql.asyncpg.IntegrityError) <class 'asyncpg.exceptions.UniqueViolationError'>: duplicate key value violates unique constraint "news_url_key"
DETAIL:  Key (url)=(https://finance.naver.com/news/news_read.naver?article_id=0001837958&office_id=005&mode=mainnews&type=&date=2026-03-19&page=1) already exists.
[SQL: INSERT INTO news (title, content, url, source, published_at, crawled_at, is_duplicate, original_news_id, similarity_score, importance_score, sentiment, sentiment_score, sector, thumbnail, summary, beneficiary_stocks, affected_stocks, is_analyzed) VALUES ($1::VARCHAR, $2::VARCHAR, $3::VARCHAR, $4::VARCHAR, $5::TIMESTAMP WITHOUT TIME ZONE, $6::TIMESTAMP WITHOUT TIME ZONE, $7::BOOLEAN, $8::INTEGER, $9::FLOAT, $10::FLOAT, $11::VARCHAR, $12::FLOAT, $13::VARCHAR, $14::VARCHAR, $15::VARCHAR, $16::JSON, $17::JSON, $18::BOOLEAN) RETURNING news.id]
[parameters: ('', '', 'https://finance.naver.com/news/news_read.naver?article_id=0001837958&office_id=005&mode=mainnews&type=&date=2026-03-19&page=1', '네이버증권', datetime.datetime(2026, 3, 19, 1, 50, 36, 358598), datetime.datetime(2026, 3, 18, 16, 50, 36, 380426), False, None, None, 50.0, 'neutral', None, None, None, None, '[]', '[]', False)]
(Background on this error at: https://sqlalche.me/e/20/gkpj)
Traceback (most recent call last):
  File "/Users/myeongsujin/uigen/Outputs/stock-news/backend/.venv/lib/python3.9/site-packages/sqlalchemy/dialects/postgresql/asyncpg.py", line 550, in _prepare_and_execute
    self._rows = deque(await prepared_stmt.fetch(*parameters))
  File "/Users/myeongsujin/uigen/Outputs/stock-news/backend/.venv/lib/python3.9/site-packages/asyncpg/prepared_stmt.py", line 177, in fetch
    data = await self.__bind_execute(args, 0, timeout)
  File "/Users/myeongsujin/uigen/Outputs/stock-news/backend/.venv/lib/python3.9/site-packages/asyncpg/prepared_stmt.py", line 268, in __bind_execute
    data, status, _ = await self.__do_execute(
  File "/Users/myeongsujin/uigen/Outputs/stock-news/backend/.venv/lib/python3.9/site-packages/asyncpg/prepared_stmt.py", line 257, in __do_execute
    return await executor(protocol)
  File "asyncpg/protocol/protocol.pyx", line 205, in bind_execute
asyncpg.exceptions.UniqueViolationError: duplicate key value violates unique constraint "news_url_key"
DETAIL:  Key (url)=(https://finance.naver.com/news/news_read.naver?article_id=0001837958&office_id=005&mode=mainnews&type=&date=2026-03-19&page=1) already exists.

The above exception was the direct cause of the following exception:

Traceback (most recent call last):
  File "/Users/myeongsujin/uigen/Outputs/stock-news/backend/.venv/lib/python3.9/site-packages/sqlalchemy/engine/base.py", line 1967, in _exec_single_context
    self.dialect.do_execute(
  File "/Users/myeongsujin/uigen/Outputs/stock-news/backend/.venv/lib/python3.9/site-packages/sqlalchemy/engine/default.py", line 952, in do_execute
    cursor.execute(statement, parameters)
  File "/Users/myeongsujin/uigen/Outputs/stock-news/backend/.venv/lib/python3.9/site-packages/sqlalchemy/dialects/postgresql/asyncpg.py", line 585, in execute
    self._adapt_connection.await_(
  File "/Users/myeongsujin/uigen/Outputs/stock-news/backend/.venv/lib/python3.9/site-packages/sqlalchemy/util/_concurrency_py3k.py", line 132, in await_only
    return current.parent.switch(awaitable)  # type: ignore[no-any-return,attr-defined] # noqa: E501
  File "/Users/myeongsujin/uigen/Outputs/stock-news/backend/.venv/lib/python3.9/site-packages/sqlalchemy/util/_concurrency_py3k.py", line 196, in greenlet_spawn
    value = await result
  File "/Users/myeongsujin/uigen/Outputs/stock-news/backend/.venv/lib/python3.9/site-packages/sqlalchemy/dialects/postgresql/asyncpg.py", line 563, in _prepare_and_execute
    self._handle_exception(error)
  File "/Users/myeongsujin/uigen/Outputs/stock-news/backend/.venv/lib/python3.9/site-packages/sqlalchemy/dialects/postgresql/asyncpg.py", line 513, in _handle_exception
    self._adapt_connection._handle_exception(error)
  File "/Users/myeongsujin/uigen/Outputs/stock-news/backend/.venv/lib/python3.9/site-packages/sqlalchemy/dialects/postgresql/asyncpg.py", line 797, in _handle_exception
    raise translated_error from error
sqlalchemy.dialects.postgresql.asyncpg.AsyncAdapt_asyncpg_dbapi.IntegrityError: <class 'asyncpg.exceptions.UniqueViolationError'>: duplicate key value violates unique constraint "news_url_key"
DETAIL:  Key (url)=(https://finance.naver.com/news/news_read.naver?article_id=0001837958&office_id=005&mode=mainnews&type=&date=2026-03-19&page=1) already exists.

The above exception was the direct cause of the following exception:

Traceback (most recent call last):
  File "/Users/myeongsujin/uigen/Outputs/stock-news/backend/app/main.py", line 109, in run_crawl
    await db.commit()
  File "/Users/myeongsujin/uigen/Outputs/stock-news/backend/.venv/lib/python3.9/site-packages/sqlalchemy/ext/asyncio/session.py", line 1000, in commit
    await greenlet_spawn(self.sync_session.commit)
  File "/Users/myeongsujin/uigen/Outputs/stock-news/backend/.venv/lib/python3.9/site-packages/sqlalchemy/util/_concurrency_py3k.py", line 203, in greenlet_spawn
    result = context.switch(value)
  File "/Users/myeongsujin/uigen/Outputs/stock-news/backend/.venv/lib/python3.9/site-packages/sqlalchemy/orm/session.py", line 2030, in commit
    trans.commit(_to_root=True)
  File "<string>", line 2, in commit
  File "/Users/myeongsujin/uigen/Outputs/stock-news/backend/.venv/lib/python3.9/site-packages/sqlalchemy/orm/state_changes.py", line 137, in _go
    ret_value = fn(self, *arg, **kw)
  File "/Users/myeongsujin/uigen/Outputs/stock-news/backend/.venv/lib/python3.9/site-packages/sqlalchemy/orm/session.py", line 1311, in commit
    self._prepare_impl()
  File "<string>", line 2, in _prepare_impl
  File "/Users/myeongsujin/uigen/Outputs/stock-news/backend/.venv/lib/python3.9/site-packages/sqlalchemy/orm/state_changes.py", line 137, in _go
    ret_value = fn(self, *arg, **kw)
  File "/Users/myeongsujin/uigen/Outputs/stock-news/backend/.venv/lib/python3.9/site-packages/sqlalchemy/orm/session.py", line 1286, in _prepare_impl
    self.session.flush()
  File "/Users/myeongsujin/uigen/Outputs/stock-news/backend/.venv/lib/python3.9/site-packages/sqlalchemy/orm/session.py", line 4331, in flush
    self._flush(objects)
  File "/Users/myeongsujin/uigen/Outputs/stock-news/backend/.venv/lib/python3.9/site-packages/sqlalchemy/orm/session.py", line 4467, in _flush
    transaction.rollback(_capture_exception=True)
  File "/Users/myeongsujin/uigen/Outputs/stock-news/backend/.venv/lib/python3.9/site-packages/sqlalchemy/util/langhelpers.py", line 121, in __exit__
    raise exc_value.with_traceback(exc_tb)
  File "/Users/myeongsujin/uigen/Outputs/stock-news/backend/.venv/lib/python3.9/site-packages/sqlalchemy/orm/session.py", line 4427, in _flush
    flush_context.execute()
  File "/Users/myeongsujin/uigen/Outputs/stock-news/backend/.venv/lib/python3.9/site-packages/sqlalchemy/orm/unitofwork.py", line 466, in execute
    rec.execute(self)
  File "/Users/myeongsujin/uigen/Outputs/stock-news/backend/.venv/lib/python3.9/site-packages/sqlalchemy/orm/unitofwork.py", line 642, in execute
    util.preloaded.orm_persistence.save_obj(
  File "/Users/myeongsujin/uigen/Outputs/stock-news/backend/.venv/lib/python3.9/site-packages/sqlalchemy/orm/persistence.py", line 93, in save_obj
    _emit_insert_statements(
  File "/Users/myeongsujin/uigen/Outputs/stock-news/backend/.venv/lib/python3.9/site-packages/sqlalchemy/orm/persistence.py", line 1233, in _emit_insert_statements
    result = connection.execute(
  File "/Users/myeongsujin/uigen/Outputs/stock-news/backend/.venv/lib/python3.9/site-packages/sqlalchemy/engine/base.py", line 1419, in execute
    return meth(
  File "/Users/myeongsujin/uigen/Outputs/stock-news/backend/.venv/lib/python3.9/site-packages/sqlalchemy/sql/elements.py", line 527, in _execute_on_connection
    return connection._execute_clauseelement(
  File "/Users/myeongsujin/uigen/Outputs/stock-news/backend/.venv/lib/python3.9/site-packages/sqlalchemy/engine/base.py", line 1641, in _execute_clauseelement
    ret = self._execute_context(
  File "/Users/myeongsujin/uigen/Outputs/stock-news/backend/.venv/lib/python3.9/site-packages/sqlalchemy/engine/base.py", line 1846, in _execute_context
    return self._exec_single_context(
  File "/Users/myeongsujin/uigen/Outputs/stock-news/backend/.venv/lib/python3.9/site-packages/sqlalchemy/engine/base.py", line 1986, in _exec_single_context
    self._handle_dbapi_exception(
  File "/Users/myeongsujin/uigen/Outputs/stock-news/backend/.venv/lib/python3.9/site-packages/sqlalchemy/engine/base.py", line 2363, in _handle_dbapi_exception
    raise sqlalchemy_exception.with_traceback(exc_info[2]) from e
  File "/Users/myeongsujin/uigen/Outputs/stock-news/backend/.venv/lib/python3.9/site-packages/sqlalchemy/engine/base.py", line 1967, in _exec_single_context
    self.dialect.do_execute(
  File "/Users/myeongsujin/uigen/Outputs/stock-news/backend/.venv/lib/python3.9/site-packages/sqlalchemy/engine/default.py", line 952, in do_execute
    cursor.execute(statement, parameters)
  File "/Users/myeongsujin/uigen/Outputs/stock-news/backend/.venv/lib/python3.9/site-packages/sqlalchemy/dialects/postgresql/asyncpg.py", line 585, in execute
    self._adapt_connection.await_(
  File "/Users/myeongsujin/uigen/Outputs/stock-news/backend/.venv/lib/python3.9/site-packages/sqlalchemy/util/_concurrency_py3k.py", line 132, in await_only
    return current.parent.switch(awaitable)  # type: ignore[no-any-return,attr-defined] # noqa: E501
  File "/Users/myeongsujin/uigen/Outputs/stock-news/backend/.venv/lib/python3.9/site-packages/sqlalchemy/util/_concurrency_py3k.py", line 196, in greenlet_spawn
    value = await result
  File "/Users/myeongsujin/uigen/Outputs/stock-news/backend/.venv/lib/python3.9/site-packages/sqlalchemy/dialects/postgresql/asyncpg.py", line 563, in _prepare_and_execute
    self._handle_exception(error)
  File "/Users/myeongsujin/uigen/Outputs/stock-news/backend/.venv/lib/python3.9/site-packages/sqlalchemy/dialects/postgresql/asyncpg.py", line 513, in _handle_exception
    self._adapt_connection._handle_exception(error)
  File "/Users/myeongsujin/uigen/Outputs/stock-news/backend/.venv/lib/python3.9/site-packages/sqlalchemy/dialects/postgresql/asyncpg.py", line 797, in _handle_exception
    raise translated_error from error
sqlalchemy.exc.IntegrityError: (sqlalchemy.dialects.postgresql.asyncpg.IntegrityError) <class 'asyncpg.exceptions.UniqueViolationError'>: duplicate key value violates unique constraint "news_url_key"
DETAIL:  Key (url)=(https://finance.naver.com/news/news_read.naver?article_id=0001837958&office_id=005&mode=mainnews&type=&date=2026-03-19&page=1) already exists.
[SQL: INSERT INTO news (title, content, url, source, published_at, crawled_at, is_duplicate, original_news_id, similarity_score, importance_score, sentiment, sentiment_score, sector, thumbnail, summary, beneficiary_stocks, affected_stocks, is_analyzed) VALUES ($1::VARCHAR, $2::VARCHAR, $3::VARCHAR, $4::VARCHAR, $5::TIMESTAMP WITHOUT TIME ZONE, $6::TIMESTAMP WITHOUT TIME ZONE, $7::BOOLEAN, $8::INTEGER, $9::FLOAT, $10::FLOAT, $11::VARCHAR, $12::FLOAT, $13::VARCHAR, $14::VARCHAR, $15::VARCHAR, $16::JSON, $17::JSON, $18::BOOLEAN) RETURNING news.id]
[parameters: ('', '', 'https://finance.naver.com/news/news_read.naver?article_id=0001837958&office_id=005&mode=mainnews&type=&date=2026-03-19&page=1', '네이버증권', datetime.datetime(2026, 3, 19, 1, 50, 36, 358598), datetime.datetime(2026, 3, 18, 16, 50, 36, 380426), False, None, None, 50.0, 'neutral', None, None, None, None, '[]', '[]', False)]
(Background on this error at: https://sqlalche.me/e/20/gkpj)
>>> 크롤링 시작...
>>> 크롤링 완료: 1개
2026-03-19 02:00:36,334 INFO sqlalchemy.engine.Engine BEGIN (implicit)
2026-03-19 02:00:36,335 INFO sqlalchemy.engine.Engine SELECT news.id, news.title, news.content 
FROM news 
WHERE news.crawled_at >= $1::TIMESTAMP WITHOUT TIME ZONE AND news.is_duplicate = false
2026-03-19 02:00:36,335 INFO sqlalchemy.engine.Engine [cached since 2400s ago] (datetime.datetime(2026, 3, 17, 17, 0, 36, 332445),)
>>> AI 스킵: analyze() got an unexpected keyword argument 'source'
2026-03-19 02:00:36,347 INFO sqlalchemy.engine.Engine INSERT INTO news (title, content, url, source, published_at, crawled_at, is_duplicate, original_news_id, similarity_score, importance_score, sentiment, sentiment_score, sector, thumbnail, summary, beneficiary_stocks, affected_stocks, is_analyzed) VALUES ($1::VARCHAR, $2::VARCHAR, $3::VARCHAR, $4::VARCHAR, $5::TIMESTAMP WITHOUT TIME ZONE, $6::TIMESTAMP WITHOUT TIME ZONE, $7::BOOLEAN, $8::INTEGER, $9::FLOAT, $10::FLOAT, $11::VARCHAR, $12::FLOAT, $13::VARCHAR, $14::VARCHAR, $15::VARCHAR, $16::JSON, $17::JSON, $18::BOOLEAN) RETURNING news.id
2026-03-19 02:00:36,347 INFO sqlalchemy.engine.Engine [cached since 2400s ago] ('', '', 'https://finance.naver.com/news/news_read.naver?article_id=0001837958&office_id=005&mode=mainnews&type=&date=2026-03-19&page=1', '네이버증권', datetime.datetime(2026, 3, 19, 2, 0, 36, 331338), datetime.datetime(2026, 3, 18, 17, 0, 36, 347342), False, None, None, 50.0, 'neutral', None, None, None, None, '[]', '[]', False)
2026-03-19 02:00:36,350 INFO sqlalchemy.engine.Engine ROLLBACK
>>> 크롤링 오류: (sqlalchemy.dialects.postgresql.asyncpg.IntegrityError) <class 'asyncpg.exceptions.UniqueViolationError'>: duplicate key value violates unique constraint "news_url_key"
DETAIL:  Key (url)=(https://finance.naver.com/news/news_read.naver?article_id=0001837958&office_id=005&mode=mainnews&type=&date=2026-03-19&page=1) already exists.
[SQL: INSERT INTO news (title, content, url, source, published_at, crawled_at, is_duplicate, original_news_id, similarity_score, importance_score, sentiment, sentiment_score, sector, thumbnail, summary, beneficiary_stocks, affected_stocks, is_analyzed) VALUES ($1::VARCHAR, $2::VARCHAR, $3::VARCHAR, $4::VARCHAR, $5::TIMESTAMP WITHOUT TIME ZONE, $6::TIMESTAMP WITHOUT TIME ZONE, $7::BOOLEAN, $8::INTEGER, $9::FLOAT, $10::FLOAT, $11::VARCHAR, $12::FLOAT, $13::VARCHAR, $14::VARCHAR, $15::VARCHAR, $16::JSON, $17::JSON, $18::BOOLEAN) RETURNING news.id]
[parameters: ('', '', 'https://finance.naver.com/news/news_read.naver?article_id=0001837958&office_id=005&mode=mainnews&type=&date=2026-03-19&page=1', '네이버증권', datetime.datetime(2026, 3, 19, 2, 0, 36, 331338), datetime.datetime(2026, 3, 18, 17, 0, 36, 347342), False, None, None, 50.0, 'neutral', None, None, None, None, '[]', '[]', False)]
(Background on this error at: https://sqlalche.me/e/20/gkpj)
Traceback (most recent call last):
  File "/Users/myeongsujin/uigen/Outputs/stock-news/backend/.venv/lib/python3.9/site-packages/sqlalchemy/dialects/postgresql/asyncpg.py", line 550, in _prepare_and_execute
    self._rows = deque(await prepared_stmt.fetch(*parameters))
  File "/Users/myeongsujin/uigen/Outputs/stock-news/backend/.venv/lib/python3.9/site-packages/asyncpg/prepared_stmt.py", line 177, in fetch
    data = await self.__bind_execute(args, 0, timeout)
  File "/Users/myeongsujin/uigen/Outputs/stock-news/backend/.venv/lib/python3.9/site-packages/asyncpg/prepared_stmt.py", line 268, in __bind_execute
    data, status, _ = await self.__do_execute(
  File "/Users/myeongsujin/uigen/Outputs/stock-news/backend/.venv/lib/python3.9/site-packages/asyncpg/prepared_stmt.py", line 257, in __do_execute
    return await executor(protocol)
  File "asyncpg/protocol/protocol.pyx", line 205, in bind_execute
asyncpg.exceptions.UniqueViolationError: duplicate key value violates unique constraint "news_url_key"
DETAIL:  Key (url)=(https://finance.naver.com/news/news_read.naver?article_id=0001837958&office_id=005&mode=mainnews&type=&date=2026-03-19&page=1) already exists.

The above exception was the direct cause of the following exception:

Traceback (most recent call last):
  File "/Users/myeongsujin/uigen/Outputs/stock-news/backend/.venv/lib/python3.9/site-packages/sqlalchemy/engine/base.py", line 1967, in _exec_single_context
    self.dialect.do_execute(
  File "/Users/myeongsujin/uigen/Outputs/stock-news/backend/.venv/lib/python3.9/site-packages/sqlalchemy/engine/default.py", line 952, in do_execute
    cursor.execute(statement, parameters)
  File "/Users/myeongsujin/uigen/Outputs/stock-news/backend/.venv/lib/python3.9/site-packages/sqlalchemy/dialects/postgresql/asyncpg.py", line 585, in execute
    self._adapt_connection.await_(
  File "/Users/myeongsujin/uigen/Outputs/stock-news/backend/.venv/lib/python3.9/site-packages/sqlalchemy/util/_concurrency_py3k.py", line 132, in await_only
    return current.parent.switch(awaitable)  # type: ignore[no-any-return,attr-defined] # noqa: E501
  File "/Users/myeongsujin/uigen/Outputs/stock-news/backend/.venv/lib/python3.9/site-packages/sqlalchemy/util/_concurrency_py3k.py", line 196, in greenlet_spawn
    value = await result
  File "/Users/myeongsujin/uigen/Outputs/stock-news/backend/.venv/lib/python3.9/site-packages/sqlalchemy/dialects/postgresql/asyncpg.py", line 563, in _prepare_and_execute
    self._handle_exception(error)
  File "/Users/myeongsujin/uigen/Outputs/stock-news/backend/.venv/lib/python3.9/site-packages/sqlalchemy/dialects/postgresql/asyncpg.py", line 513, in _handle_exception
    self._adapt_connection._handle_exception(error)
  File "/Users/myeongsujin/uigen/Outputs/stock-news/backend/.venv/lib/python3.9/site-packages/sqlalchemy/dialects/postgresql/asyncpg.py", line 797, in _handle_exception
    raise translated_error from error
sqlalchemy.dialects.postgresql.asyncpg.AsyncAdapt_asyncpg_dbapi.IntegrityError: <class 'asyncpg.exceptions.UniqueViolationError'>: duplicate key value violates unique constraint "news_url_key"
DETAIL:  Key (url)=(https://finance.naver.com/news/news_read.naver?article_id=0001837958&office_id=005&mode=mainnews&type=&date=2026-03-19&page=1) already exists.

The above exception was the direct cause of the following exception:

Traceback (most recent call last):
  File "/Users/myeongsujin/uigen/Outputs/stock-news/backend/app/main.py", line 109, in run_crawl
    await db.commit()
  File "/Users/myeongsujin/uigen/Outputs/stock-news/backend/.venv/lib/python3.9/site-packages/sqlalchemy/ext/asyncio/session.py", line 1000, in commit
    await greenlet_spawn(self.sync_session.commit)
  File "/Users/myeongsujin/uigen/Outputs/stock-news/backend/.venv/lib/python3.9/site-packages/sqlalchemy/util/_concurrency_py3k.py", line 203, in greenlet_spawn
    result = context.switch(value)
  File "/Users/myeongsujin/uigen/Outputs/stock-news/backend/.venv/lib/python3.9/site-packages/sqlalchemy/orm/session.py", line 2030, in commit
    trans.commit(_to_root=True)
  File "<string>", line 2, in commit
  File "/Users/myeongsujin/uigen/Outputs/stock-news/backend/.venv/lib/python3.9/site-packages/sqlalchemy/orm/state_changes.py", line 137, in _go
    ret_value = fn(self, *arg, **kw)
  File "/Users/myeongsujin/uigen/Outputs/stock-news/backend/.venv/lib/python3.9/site-packages/sqlalchemy/orm/session.py", line 1311, in commit
    self._prepare_impl()
  File "<string>", line 2, in _prepare_impl
  File "/Users/myeongsujin/uigen/Outputs/stock-news/backend/.venv/lib/python3.9/site-packages/sqlalchemy/orm/state_changes.py", line 137, in _go
    ret_value = fn(self, *arg, **kw)
  File "/Users/myeongsujin/uigen/Outputs/stock-news/backend/.venv/lib/python3.9/site-packages/sqlalchemy/orm/session.py", line 1286, in _prepare_impl
    self.session.flush()
  File "/Users/myeongsujin/uigen/Outputs/stock-news/backend/.venv/lib/python3.9/site-packages/sqlalchemy/orm/session.py", line 4331, in flush
    self._flush(objects)
  File "/Users/myeongsujin/uigen/Outputs/stock-news/backend/.venv/lib/python3.9/site-packages/sqlalchemy/orm/session.py", line 4467, in _flush
    transaction.rollback(_capture_exception=True)
  File "/Users/myeongsujin/uigen/Outputs/stock-news/backend/.venv/lib/python3.9/site-packages/sqlalchemy/util/langhelpers.py", line 121, in __exit__
    raise exc_value.with_traceback(exc_tb)
  File "/Users/myeongsujin/uigen/Outputs/stock-news/backend/.venv/lib/python3.9/site-packages/sqlalchemy/orm/session.py", line 4427, in _flush
    flush_context.execute()
  File "/Users/myeongsujin/uigen/Outputs/stock-news/backend/.venv/lib/python3.9/site-packages/sqlalchemy/orm/unitofwork.py", line 466, in execute
    rec.execute(self)
  File "/Users/myeongsujin/uigen/Outputs/stock-news/backend/.venv/lib/python3.9/site-packages/sqlalchemy/orm/unitofwork.py", line 642, in execute
    util.preloaded.orm_persistence.save_obj(
  File "/Users/myeongsujin/uigen/Outputs/stock-news/backend/.venv/lib/python3.9/site-packages/sqlalchemy/orm/persistence.py", line 93, in save_obj
    _emit_insert_statements(
  File "/Users/myeongsujin/uigen/Outputs/stock-news/backend/.venv/lib/python3.9/site-packages/sqlalchemy/orm/persistence.py", line 1233, in _emit_insert_statements
    result = connection.execute(
  File "/Users/myeongsujin/uigen/Outputs/stock-news/backend/.venv/lib/python3.9/site-packages/sqlalchemy/engine/base.py", line 1419, in execute
    return meth(
  File "/Users/myeongsujin/uigen/Outputs/stock-news/backend/.venv/lib/python3.9/site-packages/sqlalchemy/sql/elements.py", line 527, in _execute_on_connection
    return connection._execute_clauseelement(
  File "/Users/myeongsujin/uigen/Outputs/stock-news/backend/.venv/lib/python3.9/site-packages/sqlalchemy/engine/base.py", line 1641, in _execute_clauseelement
    ret = self._execute_context(
  File "/Users/myeongsujin/uigen/Outputs/stock-news/backend/.venv/lib/python3.9/site-packages/sqlalchemy/engine/base.py", line 1846, in _execute_context
    return self._exec_single_context(
  File "/Users/myeongsujin/uigen/Outputs/stock-news/backend/.venv/lib/python3.9/site-packages/sqlalchemy/engine/base.py", line 1986, in _exec_single_context
    self._handle_dbapi_exception(
  File "/Users/myeongsujin/uigen/Outputs/stock-news/backend/.venv/lib/python3.9/site-packages/sqlalchemy/engine/base.py", line 2363, in _handle_dbapi_exception
    raise sqlalchemy_exception.with_traceback(exc_info[2]) from e
  File "/Users/myeongsujin/uigen/Outputs/stock-news/backend/.venv/lib/python3.9/site-packages/sqlalchemy/engine/base.py", line 1967, in _exec_single_context
    self.dialect.do_execute(
  File "/Users/myeongsujin/uigen/Outputs/stock-news/backend/.venv/lib/python3.9/site-packages/sqlalchemy/engine/default.py", line 952, in do_execute
    cursor.execute(statement, parameters)
  File "/Users/myeongsujin/uigen/Outputs/stock-news/backend/.venv/lib/python3.9/site-packages/sqlalchemy/dialects/postgresql/asyncpg.py", line 585, in execute
    self._adapt_connection.await_(
  File "/Users/myeongsujin/uigen/Outputs/stock-news/backend/.venv/lib/python3.9/site-packages/sqlalchemy/util/_concurrency_py3k.py", line 132, in await_only
    return current.parent.switch(awaitable)  # type: ignore[no-any-return,attr-defined] # noqa: E501
  File "/Users/myeongsujin/uigen/Outputs/stock-news/backend/.venv/lib/python3.9/site-packages/sqlalchemy/util/_concurrency_py3k.py", line 196, in greenlet_spawn
    value = await result
  File "/Users/myeongsujin/uigen/Outputs/stock-news/backend/.venv/lib/python3.9/site-packages/sqlalchemy/dialects/postgresql/asyncpg.py", line 563, in _prepare_and_execute
    self._handle_exception(error)
  File "/Users/myeongsujin/uigen/Outputs/stock-news/backend/.venv/lib/python3.9/site-packages/sqlalchemy/dialects/postgresql/asyncpg.py", line 513, in _handle_exception
    self._adapt_connection._handle_exception(error)
  File "/Users/myeongsujin/uigen/Outputs/stock-news/backend/.venv/lib/python3.9/site-packages/sqlalchemy/dialects/postgresql/asyncpg.py", line 797, in _handle_exception
    raise translated_error from error
sqlalchemy.exc.IntegrityError: (sqlalchemy.dialects.postgresql.asyncpg.IntegrityError) <class 'asyncpg.exceptions.UniqueViolationError'>: duplicate key value violates unique constraint "news_url_key"
DETAIL:  Key (url)=(https://finance.naver.com/news/news_read.naver?article_id=0001837958&office_id=005&mode=mainnews&type=&date=2026-03-19&page=1) already exists.
[SQL: INSERT INTO news (title, content, url, source, published_at, crawled_at, is_duplicate, original_news_id, similarity_score, importance_score, sentiment, sentiment_score, sector, thumbnail, summary, beneficiary_stocks, affected_stocks, is_analyzed) VALUES ($1::VARCHAR, $2::VARCHAR, $3::VARCHAR, $4::VARCHAR, $5::TIMESTAMP WITHOUT TIME ZONE, $6::TIMESTAMP WITHOUT TIME ZONE, $7::BOOLEAN, $8::INTEGER, $9::FLOAT, $10::FLOAT, $11::VARCHAR, $12::FLOAT, $13::VARCHAR, $14::VARCHAR, $15::VARCHAR, $16::JSON, $17::JSON, $18::BOOLEAN) RETURNING news.id]
[parameters: ('', '', 'https://finance.naver.com/news/news_read.naver?article_id=0001837958&office_id=005&mode=mainnews&type=&date=2026-03-19&page=1', '네이버증권', datetime.datetime(2026, 3, 19, 2, 0, 36, 331338), datetime.datetime(2026, 3, 18, 17, 0, 36, 347342), False, None, None, 50.0, 'neutral', None, None, None, None, '[]', '[]', False)]
(Background on this error at: https://sqlalche.me/e/20/gkpj)
